<?xml version="1.0" encoding="UTF-8"?>
<!-- Generated by org.testng.reporters.JUnitReportReporter -->
<testsuite skipped="0" hostname="Brijesh-HP" name="com.automationproject.testscript.Jquery" tests="2" failures="0" timestamp="22 Jun 2020 17:48:47 GMT" time="10.725" errors="0">
  <testcase name="colorVerfication" time="10.722" classname="com.automationproject.testscript.Jquery"/>
  <testcase name="toggleSizeVerificatiom" time="0.003" classname="com.automationproject.testscript.Jquery"/>
</testsuite> <!-- com.automationproject.testscript.Jquery -->
